-------------------------------------------------------------------------------
Test set: com.softserve.itacademy.model.UserTests
-------------------------------------------------------------------------------
Tests run: 9, Failures: 3, Errors: 0, Skipped: 0, Time elapsed: 0.252 s <<< FAILURE! - in com.softserve.itacademy.model.UserTests
constraintViolationInvalidFirstName{String, String}[1]  Time elapsed: 0 s  <<< FAILURE!
org.opentest4j.AssertionFailedError: expected: <1> but was: <0>
	at com.softserve.itacademy.model.UserTests.constraintViolationInvalidFirstName(UserTests.java:105)

constraintViolationInvalidFirstName{String, String}[2]  Time elapsed: 0 s  <<< FAILURE!
org.opentest4j.AssertionFailedError: expected: <1> but was: <0>
	at com.softserve.itacademy.model.UserTests.constraintViolationInvalidFirstName(UserTests.java:105)

constraintViolationInvalidFirstName{String, String}[3]  Time elapsed: 0 s  <<< FAILURE!
org.opentest4j.AssertionFailedError: expected: <1> but was: <0>
	at com.softserve.itacademy.model.UserTests.constraintViolationInvalidFirstName(UserTests.java:105)

